{"uuid":"110f06ef-3b5e-47ba-8fbb-ed1efedb2002","historyId":"cb1378b1f1753cefbc48f33c6b7cfd89","fullName":"tests.UI.tests.SearchInvalidCategoryTest.testSearchCategory","labels":[{"name":"package","value":"tests.UI.tests.SearchInvalidCategoryTest"},{"name":"testClass","value":"tests.UI.tests.SearchInvalidCategoryTest"},{"name":"testMethod","value":"testSearchCategory"},{"name":"parentSuite","value":"Default Suite"},{"name":"suite","value":"selenium-java-s"},{"name":"subSuite","value":"tests.UI.tests.SearchInvalidCategoryTest"},{"name":"host","value":"DESKTOP-2HQRS6I"},{"name":"thread","value":"17832@DESKTOP-2HQRS6I.main(1)"},{"name":"framework","value":"testng"},{"name":"language","value":"java"}],"links":[],"name":"testSearchCategory","status":"failed","statusDetails":{"known":false,"muted":false,"flaky":false,"message":"Element should not have attribute href=\"https://www.cambridgeenglish.org/blog/\" {By.linkText: Blog}\r\nElement: '<a displayed:StaleElementReferenceException: stale element reference: stale element not found>StaleElementReferenceException: stale element reference: stale element not found</StaleElementReferenceException: stale element reference: stale element not found>'\r\nActual value: href=\"https://www.cambridgeenglish.org/blog/\"\r\nScreenshot: file:/C:/Users/Маша/IdeaProjects/selenium-java-s/build/reports/tests/1697364463379.0.png\r\nPage source: file:/C:/Users/Маша/IdeaProjects/selenium-java-s/build/reports/tests/1697364463379.0.html\r\nTimeout: 4 s.","trace":"Element should not have attribute href=\"https://www.cambridgeenglish.org/blog/\" {By.linkText: Blog}\r\nElement: '<a displayed:StaleElementReferenceException: stale element reference: stale element not found>StaleElementReferenceException: stale element reference: stale element not found</StaleElementReferenceException: stale element reference: stale element not found>'\r\nActual value: href=\"https://www.cambridgeenglish.org/blog/\"\r\nScreenshot: file:/C:/Users/Маша/IdeaProjects/selenium-java-s/build/reports/tests/1697364463379.0.png\r\nPage source: file:/C:/Users/Маша/IdeaProjects/selenium-java-s/build/reports/tests/1697364463379.0.html\r\nTimeout: 4 s.\r\n\tat com.codeborne.selenide.impl.WebElementSource.handleError(WebElementSource.java:143)\r\n\tat com.codeborne.selenide.impl.WebElementSource.checkConditionAndReturnElement(WebElementSource.java:124)\r\n\tat com.codeborne.selenide.impl.WebElementSource.checkCondition(WebElementSource.java:101)\r\n\tat com.codeborne.selenide.commands.ShouldNot.execute(ShouldNot.java:30)\r\n\tat com.codeborne.selenide.commands.ShouldNot.execute(ShouldNot.java:14)\r\n\tat com.codeborne.selenide.commands.Commands.execute(Commands.java:159)\r\n\tat com.codeborne.selenide.impl.SelenideElementProxy.dispatchAndRetry(SelenideElementProxy.java:131)\r\n\tat com.codeborne.selenide.impl.SelenideElementProxy.invoke(SelenideElementProxy.java:83)\r\n\tat jdk.proxy2/jdk.proxy2.$Proxy15.shouldNotHave(Unknown Source)\r\n\tat tests.UI.tests.SearchInvalidCategoryTest.testSearchCategory(SearchInvalidCategoryTest.java:49)\r\n\tat java.base/jdk.internal.reflect.DirectMethodHandleAccessor.invoke(DirectMethodHandleAccessor.java:103)\r\n\tat java.base/java.lang.reflect.Method.invoke(Method.java:580)\r\n\tat org.testng.internal.invokers.MethodInvocationHelper.invokeMethod(MethodInvocationHelper.java:139)\r\n\tat org.testng.internal.invokers.TestInvoker.invokeMethod(TestInvoker.java:677)\r\n\tat org.testng.internal.invokers.TestInvoker.invokeTestMethod(TestInvoker.java:221)\r\n\tat org.testng.internal.invokers.MethodRunner.runInSequence(MethodRunner.java:50)\r\n\tat org.testng.internal.invokers.TestInvoker$MethodInvocationAgent.invoke(TestInvoker.java:962)\r\n\tat org.testng.internal.invokers.TestInvoker.invokeTestMethods(TestInvoker.java:194)\r\n\tat org.testng.internal.invokers.TestMethodWorker.invokeTestMethods(TestMethodWorker.java:148)\r\n\tat org.testng.internal.invokers.TestMethodWorker.run(TestMethodWorker.java:128)\r\n\tat java.base/java.util.ArrayList.forEach(ArrayList.java:1596)\r\n\tat org.testng.TestRunner.privateRun(TestRunner.java:806)\r\n\tat org.testng.TestRunner.run(TestRunner.java:601)\r\n\tat org.testng.SuiteRunner.runTest(SuiteRunner.java:433)\r\n\tat org.testng.SuiteRunner.runSequentially(SuiteRunner.java:427)\r\n\tat org.testng.SuiteRunner.privateRun(SuiteRunner.java:387)\r\n\tat org.testng.SuiteRunner.run(SuiteRunner.java:330)\r\n\tat org.testng.SuiteRunnerWorker.runSuite(SuiteRunnerWorker.java:52)\r\n\tat org.testng.SuiteRunnerWorker.run(SuiteRunnerWorker.java:95)\r\n\tat org.testng.TestNG.runSuitesSequentially(TestNG.java:1256)\r\n\tat org.testng.TestNG.runSuitesLocally(TestNG.java:1176)\r\n\tat org.testng.TestNG.runSuites(TestNG.java:1099)\r\n\tat org.testng.TestNG.run(TestNG.java:1067)\r\n\tat com.intellij.rt.testng.IDEARemoteTestNG.run(IDEARemoteTestNG.java:66)\r\n\tat com.intellij.rt.testng.RemoteTestNGStarter.main(RemoteTestNGStarter.java:105)\r\n"},"stage":"finished","steps":[],"attachments":[],"parameters":[],"start":1697364458567,"stop":1697364463870}