{"uuid":"56ac2268-fd88-44d0-bd6c-e323b0c75905","historyId":"541d291c22f7b3505c31bd46fff3b412","fullName":"tests.UI.tests.ChangeLanguageTest.testSearchCategory","labels":[{"name":"package","value":"tests.UI.tests.ChangeLanguageTest"},{"name":"testClass","value":"tests.UI.tests.ChangeLanguageTest"},{"name":"testMethod","value":"testSearchCategory"},{"name":"parentSuite","value":"Default Suite"},{"name":"suite","value":"selenium-java-s"},{"name":"subSuite","value":"tests.UI.tests.ChangeLanguageTest"},{"name":"host","value":"DESKTOP-2HQRS6I"},{"name":"thread","value":"11060@DESKTOP-2HQRS6I.main(1)"},{"name":"framework","value":"testng"},{"name":"language","value":"java"}],"links":[],"name":"testSearchCategory","status":"failed","statusDetails":{"known":false,"muted":false,"flaky":false,"message":"Invalid element state [By.xpath: //a[@href='/fr/']]: element click intercepted: Element <a href=\"/fr/\">...</a> is not clickable at point (173, 549). Other element would receive the click: <div class=\"cc-cookies display-none\" role=\"alertdialog\" aria-hidden=\"false\" style=\"display: block; top: auto; bottom: 0px;\">...</div>\r\nScreenshot: file:/C:/Users/Маша/IdeaProjects/selenium-java-s/build/reports/tests/1697365660932.0.png\r\nPage source: file:/C:/Users/Маша/IdeaProjects/selenium-java-s/build/reports/tests/1697365660932.0.html\r\nTimeout: 4 s.\r\nCaused by: ElementClickInterceptedException: element click intercepted: Element <a href=\"/fr/\">...</a> is not clickable at point (173, 549). Other element would receive the click: <div class=\"cc-cookies display-none\" role=\"alertdialog\" aria-hidden=\"false\" style=\"display: block; top: auto; bottom: 0px;\">...</div>","trace":"Invalid element state [By.xpath: //a[@href='/fr/']]: element click intercepted: Element <a href=\"/fr/\">...</a> is not clickable at point (173, 549). Other element would receive the click: <div class=\"cc-cookies display-none\" role=\"alertdialog\" aria-hidden=\"false\" style=\"display: block; top: auto; bottom: 0px;\">...</div>\r\nScreenshot: file:/C:/Users/Маша/IdeaProjects/selenium-java-s/build/reports/tests/1697365660932.0.png\r\nPage source: file:/C:/Users/Маша/IdeaProjects/selenium-java-s/build/reports/tests/1697365660932.0.html\r\nTimeout: 4 s.\r\nCaused by: ElementClickInterceptedException: element click intercepted: Element <a href=\"/fr/\">...</a> is not clickable at point (173, 549). Other element would receive the click: <div class=\"cc-cookies display-none\" role=\"alertdialog\" aria-hidden=\"false\" style=\"display: block; top: auto; bottom: 0px;\">...</div>\r\n\tat com.codeborne.selenide.impl.ExceptionWrapper.wrap(ExceptionWrapper.java:26)\r\n\tat com.codeborne.selenide.impl.SelenideElementProxy.dispatchAndRetry(SelenideElementProxy.java:153)\r\n\tat com.codeborne.selenide.impl.SelenideElementProxy.invoke(SelenideElementProxy.java:83)\r\n\tat jdk.proxy2/jdk.proxy2.$Proxy15.click(Unknown Source)\r\n\tat tests.UI.tests.ChangeLanguageTest.testSearchCategory(ChangeLanguageTest.java:48)\r\n\tat java.base/jdk.internal.reflect.DirectMethodHandleAccessor.invoke(DirectMethodHandleAccessor.java:103)\r\n\tat java.base/java.lang.reflect.Method.invoke(Method.java:580)\r\n\tat org.testng.internal.invokers.MethodInvocationHelper.invokeMethod(MethodInvocationHelper.java:139)\r\n\tat org.testng.internal.invokers.TestInvoker.invokeMethod(TestInvoker.java:677)\r\n\tat org.testng.internal.invokers.TestInvoker.invokeTestMethod(TestInvoker.java:221)\r\n\tat org.testng.internal.invokers.MethodRunner.runInSequence(MethodRunner.java:50)\r\n\tat org.testng.internal.invokers.TestInvoker$MethodInvocationAgent.invoke(TestInvoker.java:962)\r\n\tat org.testng.internal.invokers.TestInvoker.invokeTestMethods(TestInvoker.java:194)\r\n\tat org.testng.internal.invokers.TestMethodWorker.invokeTestMethods(TestMethodWorker.java:148)\r\n\tat org.testng.internal.invokers.TestMethodWorker.run(TestMethodWorker.java:128)\r\n\tat java.base/java.util.ArrayList.forEach(ArrayList.java:1596)\r\n\tat org.testng.TestRunner.privateRun(TestRunner.java:806)\r\n\tat org.testng.TestRunner.run(TestRunner.java:601)\r\n\tat org.testng.SuiteRunner.runTest(SuiteRunner.java:433)\r\n\tat org.testng.SuiteRunner.runSequentially(SuiteRunner.java:427)\r\n\tat org.testng.SuiteRunner.privateRun(SuiteRunner.java:387)\r\n\tat org.testng.SuiteRunner.run(SuiteRunner.java:330)\r\n\tat org.testng.SuiteRunnerWorker.runSuite(SuiteRunnerWorker.java:52)\r\n\tat org.testng.SuiteRunnerWorker.run(SuiteRunnerWorker.java:95)\r\n\tat org.testng.TestNG.runSuitesSequentially(TestNG.java:1256)\r\n\tat org.testng.TestNG.runSuitesLocally(TestNG.java:1176)\r\n\tat org.testng.TestNG.runSuites(TestNG.java:1099)\r\n\tat org.testng.TestNG.run(TestNG.java:1067)\r\n\tat com.intellij.rt.testng.IDEARemoteTestNG.run(IDEARemoteTestNG.java:66)\r\n\tat com.intellij.rt.testng.RemoteTestNGStarter.main(RemoteTestNGStarter.java:105)\r\nCaused by: org.openqa.selenium.ElementClickInterceptedException: element click intercepted: Element <a href=\"/fr/\">...</a> is not clickable at point (173, 549). Other element would receive the click: <div class=\"cc-cookies display-none\" role=\"alertdialog\" aria-hidden=\"false\" style=\"display: block; top: auto; bottom: 0px;\">...</div>\n  (Session info: chrome=118.0.5993.71)\nBuild info: version: '4.7.0', revision: '0a5b49d16f'\nSystem info: os.name: 'Windows 10', os.arch: 'amd64', os.version: '10.0', java.version: '21'\nDriver info: org.openqa.selenium.chrome.ChromeDriver\nCommand: [ed3aee179eee8695a4ff8b5ba4233a29, clickElement {id=D9A7BC88538AEA766932DBEF0D0161D8_element_65}]\nCapabilities {acceptInsecureCerts: false, browserName: chrome, browserVersion: 118.0.5993.71, chrome: {chromedriverVersion: 118.0.5993.70 (e52f33f30b91..., userDataDir: C:\\Users\\C3AF~1\\AppData\\Loc...}, fedcm:accounts: true, goog:chromeOptions: {debuggerAddress: localhost:53770}, networkConnectionEnabled: false, pageLoadStrategy: normal, platformName: WINDOWS, proxy: Proxy(), se:cdp: ws://localhost:53770/devtoo..., se:cdpVersion: 118.0.5993.71, setWindowRect: true, strictFileInteractability: false, timeouts: {implicit: 0, pageLoad: 300000, script: 30000}, unhandledPromptBehavior: dismiss and notify, webauthn:extension:credBlob: true, webauthn:extension:largeBlob: true, webauthn:extension:minPinLength: true, webauthn:extension:prf: true, webauthn:virtualAuthenticators: true}\nElement: [[ChromeDriver: chrome on WINDOWS (ed3aee179eee8695a4ff8b5ba4233a29)] -> xpath: //a[@href='/fr/']]\nSession ID: ed3aee179eee8695a4ff8b5ba4233a29\r\n\tat java.base/jdk.internal.reflect.DirectConstructorHandleAccessor.newInstance(DirectConstructorHandleAccessor.java:62)\r\n\tat java.base/java.lang.reflect.Constructor.newInstanceWithCaller(Constructor.java:502)\r\n\tat java.base/java.lang.reflect.Constructor.newInstance(Constructor.java:486)\r\n\tat org.openqa.selenium.remote.codec.w3c.W3CHttpResponseCodec.createException(W3CHttpResponseCodec.java:200)\r\n\tat org.openqa.selenium.remote.codec.w3c.W3CHttpResponseCodec.decode(W3CHttpResponseCodec.java:133)\r\n\tat org.openqa.selenium.remote.codec.w3c.W3CHttpResponseCodec.decode(W3CHttpResponseCodec.java:53)\r\n\tat org.openqa.selenium.remote.HttpCommandExecutor.execute(HttpCommandExecutor.java:184)\r\n\tat org.openqa.selenium.remote.service.DriverCommandExecutor.invokeExecute(DriverCommandExecutor.java:167)\r\n\tat org.openqa.selenium.remote.service.DriverCommandExecutor.execute(DriverCommandExecutor.java:142)\r\n\tat org.openqa.selenium.remote.RemoteWebDriver.execute(RemoteWebDriver.java:541)\r\n\tat org.openqa.selenium.remote.RemoteWebElement.execute(RemoteWebElement.java:257)\r\n\tat org.openqa.selenium.remote.RemoteWebElement.click(RemoteWebElement.java:78)\r\n\tat com.codeborne.selenide.commands.Click.defaultClick(Click.java:97)\r\n\tat com.codeborne.selenide.commands.Click.click(Click.java:54)\r\n\tat com.codeborne.selenide.commands.Click.execute(Click.java:31)\r\n\tat com.codeborne.selenide.commands.Click.execute(Click.java:21)\r\n\tat com.codeborne.selenide.commands.Commands.execute(Commands.java:159)\r\n\tat com.codeborne.selenide.impl.SelenideElementProxy.dispatchAndRetry(SelenideElementProxy.java:131)\r\n\t... 28 more\r\n"},"stage":"finished","steps":[],"attachments":[],"parameters":[],"start":1697365655534,"stop":1697365661281}